<?xml version="1.0" encoding="UTF-8"?>
<!-- Generated by org.testng.reporters.JUnitReportReporter -->
<testsuite hostname="DESKTOP-FA6R54Q" failures="0" tests="1" name="testcase.TC03_Logout" time="2.505" errors="0" timestamp="2024-01-03T01:19:32 EET" skipped="0">
  <testcase classname="testcase.TC03_Logout" name="logoutSystem" time="2.505"/>
  <system-out/>
</testsuite> <!-- testcase.TC03_Logout -->
