<?xml version="1.0" encoding="UTF-8"?>
<!-- Generated by org.testng.reporters.JUnitReportReporter -->
<testsuite hostname="DESKTOP-FA6R54Q" failures="0" tests="1" name="testcase.TC01_Login" time="2.863" errors="0" timestamp="2023-12-23T15:07:05 EET" skipped="0">
  <testcase classname="testcase.TC01_Login" name="loginWithRegisteredUser_P" time="2.863"/>
  <system-out/>
</testsuite> <!-- testcase.TC01_Login -->
