<?xml version="1.0" encoding="UTF-8"?>
<!-- Generated by org.testng.reporters.JUnitReportReporter -->
<testsuite hostname="DESKTOP-FA6R54Q" failures="0" tests="1" name="testcase.TC04_SortProduct" time="2.677" errors="0" timestamp="2024-01-03T01:19:32 EET" skipped="0">
  <testcase classname="testcase.TC04_SortProduct" name="sortProductsFromLowToHigh" time="2.677"/>
  <system-out/>
</testsuite> <!-- testcase.TC04_SortProduct -->
