<?xml version="1.0" encoding="UTF-8"?>
<!-- Generated by org.testng.reporters.JUnitReportReporter -->
<testsuite hostname="DESKTOP-9S5HL9B" failures="0" tests="1" name="testcase.TC02_CreateOrder" time="10.760" errors="0" timestamp="2023-12-11T13:19:48 EET" skipped="0">
  <testcase classname="testcase.TC02_CreateOrder" name="addProductsToCart" time="10.760"/>
  <system-out/>
</testsuite> <!-- testcase.TC02_CreateOrder -->
