<?xml version="1.0" encoding="UTF-8"?>
<!-- Generated by org.testng.reporters.JUnitReportReporter -->
<testsuite hostname="DESKTOP-FA6R54Q" failures="0" tests="1" name="testcase.TC02_CreateOrder" time="7.124" errors="0" timestamp="2024-01-03T01:19:32 EET" skipped="0">
  <testcase classname="testcase.TC02_CreateOrder" name="createOrderWithAllProducts" time="7.124"/>
  <system-out/>
</testsuite> <!-- testcase.TC02_CreateOrder -->
